SF:lib/core/shopapp/shopapp_success_response.dart
DA:4,3
LF:1
LH:1
end_of_record
SF:lib/features/products_overview/external_interface/shopapp_collection_gateway.dart
DA:11,1
DA:12,1
DA:13,1
DA:16,1
DA:18,2
DA:22,1
DA:24,1
DA:26,1
DA:27,1
DA:52,1
DA:54,1
DA:55,1
DA:59,1
DA:65,3
DA:79,0
DA:80,0
DA:82,0
DA:83,0
DA:85,0
DA:87,0
DA:93,1
DA:96,1
DA:97,1
LF:23
LH:17
end_of_record
SF:lib/core/dependency_providers.dart
DA:4,3
DA:5,0
LF:2
LH:1
end_of_record
SF:lib/core/shopapp/shopapp_external_interface.dart
DA:7,1
DA:11,1
DA:12,1
DA:13,1
DA:14,1
DA:17,2
DA:22,0
DA:24,0
LF:8
LH:6
end_of_record
SF:lib/core/shopapp/shopapp_request.dart
DA:4,0
LF:1
LH:0
end_of_record
SF:lib/features/product_detail/domain/product_detail_entity.dart
DA:4,4
DA:10,1
DA:11,2
DA:13,2
DA:17,2
DA:18,0
LF:6
LH:5
end_of_record
SF:lib/features/product_detail/domain/product_detail_ui_output.dart
DA:4,2
DA:10,2
DA:11,4
LF:3
LH:3
end_of_record
SF:lib/features/product_detail/domain/product_detail_use_case.dart
DA:8,4
DA:9,4
DA:10,4
DA:11,8
DA:14,1
DA:15,1
DA:17,1
DA:18,1
DA:19,1
DA:20,1
DA:22,2
DA:23,1
DA:26,0
DA:33,2
DA:35,4
LF:15
LH:14
end_of_record
SF:lib/features/product_detail/external_interface/shopapp_product_detail_gateway.dart
DA:9,1
DA:11,2
DA:14,1
DA:16,2
DA:19,1
DA:21,1
DA:22,2
DA:28,2
DA:32,1
DA:33,2
DA:37,2
DA:43,1
DA:47,1
DA:48,2
LF:14
LH:14
end_of_record
SF:lib/features/product_detail/models/shopapp_product_detail_model.dart
DA:4,2
DA:8,1
DA:9,1
DA:11,1
DA:12,1
DA:20,0
DA:24,0
DA:25,0
DA:26,0
DA:28,0
DA:29,0
LF:11
LH:5
end_of_record
SF:lib/features/products_overview/domain/product_overview_entity.dart
DA:6,1
DA:12,0
DA:14,0
DA:17,0
DA:22,0
DA:23,0
LF:6
LH:1
end_of_record
SF:lib/features/products_overview/domain/product_overview_ui_output.dart
DA:6,0
DA:12,0
DA:13,0
LF:3
LH:0
end_of_record
SF:lib/features/products_overview/domain/product_overview_use_case.dart
DA:9,1
DA:10,1
DA:11,1
DA:12,1
DA:13,1
DA:17,0
DA:18,0
DA:20,0
DA:22,0
DA:23,0
DA:24,0
DA:26,0
DA:28,0
DA:29,0
DA:32,0
DA:33,0
DA:41,0
DA:43,0
DA:45,0
DA:46,0
LF:20
LH:5
end_of_record
SF:lib/providers.dart
DA:10,6
DA:12,1
DA:13,1
DA:14,1
DA:15,2
DA:16,0
DA:17,0
DA:23,10
DA:24,5
DA:28,3
DA:30,2
DA:33,3
DA:35,2
DA:38,3
DA:40,1
DA:41,1
DA:42,1
LF:17
LH:15
end_of_record
SF:lib/features/product_detail/presentation/product_detail_presenter.dart
DA:11,2
DA:14,4
DA:18,1
DA:20,2
DA:23,1
DA:28,1
DA:29,1
LF:7
LH:7
end_of_record
SF:lib/features/product_detail/presentation/product_detail_view_model.dart
DA:4,2
DA:10,1
DA:11,2
LF:3
LH:3
end_of_record
SF:lib/features/product_detail/presentation/product_detail_ui.dart
DA:9,1
DA:17,1
DA:19,2
DA:22,1
DA:24,1
DA:25,1
DA:26,2
DA:31,1
DA:33,3
DA:34,4
DA:35,1
DA:36,1
DA:38,1
DA:39,1
LF:14
LH:14
end_of_record
SF:lib/features/products_overview/models/shopapp_model.dart
DA:2,0
DA:10,0
DA:13,0
DA:14,0
DA:15,0
DA:16,0
DA:18,0
DA:19,0
LF:8
LH:0
end_of_record
SF:lib/features/products_overview/presentation/product_overview_presenter.dart
DA:12,1
DA:14,2
DA:16,0
DA:18,0
DA:20,0
DA:23,0
DA:26,0
DA:28,0
DA:29,0
LF:9
LH:2
end_of_record
SF:lib/features/products_overview/presentation/product_overview_view_model.dart
DA:9,1
DA:15,0
DA:17,0
LF:3
LH:1
end_of_record
SF:lib/features/products_overview/presentation/product_overview_ui.dart
DA:12,1
DA:14,1
DA:15,1
DA:18,1
DA:20,2
DA:22,1
DA:23,1
DA:24,1
DA:26,1
DA:30,1
DA:31,2
DA:33,1
DA:34,2
DA:35,1
DA:36,1
DA:37,1
DA:38,0
DA:39,0
DA:41,0
DA:42,0
DA:47,2
DA:50,1
DA:51,1
DA:52,1
DA:54,2
LF:25
LH:21
end_of_record
SF:lib/routing/routes.dart
DA:17,0
DA:19,0
DA:20,0
DA:21,0
DA:23,0
DA:24,0
DA:25,0
DA:27,0
DA:28,0
DA:29,0
DA:30,0
LF:11
LH:0
end_of_record
SF:lib/widgets/product_card.dart
DA:4,1
DA:18,1
DA:20,1
DA:21,1
DA:22,1
DA:23,1
DA:24,1
DA:25,1
DA:26,1
DA:30,1
DA:32,1
DA:33,1
DA:36,1
DA:37,1
DA:40,0
DA:41,2
LF:16
LH:15
end_of_record
